<?xml version="1.0" encoding="UTF-8"?>
<testsuite name="com.jojoldu.book.springboot.web.IndexControllerTest" tests="1" skipped="0" failures="0" errors="0" timestamp="2022-03-20T04:56:19" hostname="DESKTOP-59U2EIG" time="0.226">
  <properties/>
  <testcase name="메인페이지_로딩" classname="com.jojoldu.book.springboot.web.IndexControllerTest" time="0.226"/>
  <system-out><![CDATA[2022-03-20 13:56:16.554  INFO 6344 --- [    Test worker] .b.t.c.SpringBootTestContextBootstrapper : Neither @ContextConfiguration nor @ContextHierarchy found for test class [com.jojoldu.book.springboot.web.IndexControllerTest], using SpringBootContextLoader
2022-03-20 13:56:16.556  INFO 6344 --- [    Test worker] o.s.t.c.support.AbstractContextLoader    : Could not detect default resource locations for test class [com.jojoldu.book.springboot.web.IndexControllerTest]: no resource found for suffixes {-context.xml, Context.groovy}.
2022-03-20 13:56:16.556  INFO 6344 --- [    Test worker] t.c.s.AnnotationConfigContextLoaderUtils : Could not detect default configuration classes for test class [com.jojoldu.book.springboot.web.IndexControllerTest]: IndexControllerTest does not declare any static, non-private, non-final, nested classes annotated with @Configuration.
2022-03-20 13:56:16.557  INFO 6344 --- [    Test worker] .b.t.c.SpringBootTestContextBootstrapper : Found @SpringBootConfiguration com.jojoldu.book.springboot.Application for test class com.jojoldu.book.springboot.web.IndexControllerTest
2022-03-20 13:56:16.559  INFO 6344 --- [    Test worker] .b.t.c.SpringBootTestContextBootstrapper : Loaded default TestExecutionListener class names from location [META-INF/spring.factories]: [org.springframework.security.test.context.support.WithSecurityContextTestExecutionListener, org.springframework.security.test.context.support.ReactorContextTestExecutionListener, org.springframework.boot.test.autoconfigure.restdocs.RestDocsTestExecutionListener, org.springframework.boot.test.autoconfigure.web.client.MockRestServiceServerResetTestExecutionListener, org.springframework.boot.test.autoconfigure.web.servlet.MockMvcPrintOnlyOnFailureTestExecutionListener, org.springframework.boot.test.autoconfigure.web.servlet.WebDriverTestExecutionListener, org.springframework.boot.test.mock.mockito.MockitoTestExecutionListener, org.springframework.boot.test.mock.mockito.ResetMocksTestExecutionListener, org.springframework.test.context.web.ServletTestExecutionListener, org.springframework.test.context.support.DirtiesContextBeforeModesTestExecutionListener, org.springframework.test.context.support.DependencyInjectionTestExecutionListener, org.springframework.test.context.support.DirtiesContextTestExecutionListener, org.springframework.test.context.transaction.TransactionalTestExecutionListener, org.springframework.test.context.jdbc.SqlScriptsTestExecutionListener]
2022-03-20 13:56:16.559  INFO 6344 --- [    Test worker] .b.t.c.SpringBootTestContextBootstrapper : Using TestExecutionListeners: [org.springframework.test.context.web.ServletTestExecutionListener@48f64239, org.springframework.test.context.support.DirtiesContextBeforeModesTestExecutionListener@30f6e6c6, org.springframework.boot.test.mock.mockito.MockitoTestExecutionListener@1623b09, org.springframework.boot.test.autoconfigure.SpringBootDependencyInjectionTestExecutionListener@693d4cad, org.springframework.test.context.support.DirtiesContextTestExecutionListener@13203c39, org.springframework.test.context.transaction.TransactionalTestExecutionListener@14e7284d, org.springframework.test.context.jdbc.SqlScriptsTestExecutionListener@4cde3ab, org.springframework.security.test.context.support.WithSecurityContextTestExecutionListener@7968fbb, org.springframework.security.test.context.support.ReactorContextTestExecutionListener@1545aa84, org.springframework.boot.test.autoconfigure.restdocs.RestDocsTestExecutionListener@38cd5d21, org.springframework.boot.test.autoconfigure.web.client.MockRestServiceServerResetTestExecutionListener@53f62128, org.springframework.boot.test.autoconfigure.web.servlet.MockMvcPrintOnlyOnFailureTestExecutionListener@602e97ba, org.springframework.boot.test.autoconfigure.web.servlet.WebDriverTestExecutionListener@588700b1, org.springframework.boot.test.mock.mockito.ResetMocksTestExecutionListener@a716ad5]

  .   ____          _            __ _ _
 /\\ / ___'_ __ _ _(_)_ __  __ _ \ \ \ \
( ( )\___ | '_ | '_| | '_ \/ _` | \ \ \ \
 \\/  ___)| |_)| | | | | || (_| |  ) ) ) )
  '  |____| .__|_| |_|_| |_\__, | / / / /
 =========|_|==============|___/=/_/_/_/
 :: Spring Boot ::        (v2.1.7.RELEASE)

2022-03-20 13:56:16.605  INFO 6344 --- [    Test worker] c.j.b.s.web.IndexControllerTest          : Starting IndexControllerTest on DESKTOP-59U2EIG with PID 6344 (started by jhh51 in C:\Users\jhh51\IdeaProjects\FirstSpringBootProj)
2022-03-20 13:56:16.605  INFO 6344 --- [    Test worker] c.j.b.s.web.IndexControllerTest          : No active profile set, falling back to default profiles: default
2022-03-20 13:56:16.911  INFO 6344 --- [    Test worker] .s.d.r.c.RepositoryConfigurationDelegate : Bootstrapping Spring Data repositories in DEFAULT mode.
2022-03-20 13:56:16.960  INFO 6344 --- [    Test worker] .s.d.r.c.RepositoryConfigurationDelegate : Finished Spring Data repository scanning in 49ms. Found 2 repository interfaces.
2022-03-20 13:56:17.077  INFO 6344 --- [    Test worker] trationDelegate$BeanPostProcessorChecker : Bean 'org.springframework.transaction.annotation.ProxyTransactionManagementConfiguration' of type [org.springframework.transaction.annotation.ProxyTransactionManagementConfiguration$$EnhancerBySpringCGLIB$$f3ffc5fe] is not eligible for getting processed by all BeanPostProcessors (for example: not eligible for auto-proxying)
2022-03-20 13:56:17.393  INFO 6344 --- [    Test worker] o.s.b.w.embedded.tomcat.TomcatWebServer  : Tomcat initialized with port(s): 0 (http)
2022-03-20 13:56:17.434  INFO 6344 --- [    Test worker] o.apache.catalina.core.StandardService   : Starting service [Tomcat]
2022-03-20 13:56:17.435  INFO 6344 --- [    Test worker] org.apache.catalina.core.StandardEngine  : Starting Servlet engine: [Apache Tomcat/9.0.22]
2022-03-20 13:56:17.688  INFO 6344 --- [    Test worker] o.a.c.c.C.[Tomcat].[localhost].[/]       : Initializing Spring embedded WebApplicationContext
2022-03-20 13:56:17.688  INFO 6344 --- [    Test worker] o.s.web.context.ContextLoader            : Root WebApplicationContext: initialization completed in 1080 ms
2022-03-20 13:56:17.971  INFO 6344 --- [    Test worker] com.zaxxer.hikari.HikariDataSource       : HikariPool-2 - Starting...
2022-03-20 13:56:17.972  INFO 6344 --- [    Test worker] com.zaxxer.hikari.HikariDataSource       : HikariPool-2 - Start completed.
2022-03-20 13:56:18.031  INFO 6344 --- [    Test worker] o.hibernate.jpa.internal.util.LogHelper  : HHH000204: Processing PersistenceUnitInfo [
	name: default
	...]
2022-03-20 13:56:18.050  INFO 6344 --- [    Test worker] org.hibernate.dialect.Dialect            : HHH000400: Using dialect: org.hibernate.dialect.MySQL5InnoDBDialect
Hibernate: drop table if exists posts
Hibernate: drop table if exists user
Hibernate: create table posts (id bigint not null auto_increment, created_date datetime, modified_date datetime, author varchar(255), content TEXT not null, title varchar(500) not null, primary key (id)) engine=InnoDB
Hibernate: create table user (id bigint not null auto_increment, created_date datetime, modified_date datetime, email varchar(255) not null, name varchar(255) not null, picture varchar(255), role varchar(255) not null, primary key (id)) engine=InnoDB
2022-03-20 13:56:18.131  INFO 6344 --- [    Test worker] o.h.t.schema.internal.SchemaCreatorImpl  : HHH000476: Executing import script 'org.hibernate.tool.schema.internal.exec.ScriptSourceInputNonExistentImpl@68a5ecd4'
2022-03-20 13:56:18.132  INFO 6344 --- [    Test worker] j.LocalContainerEntityManagerFactoryBean : Initialized JPA EntityManagerFactory for persistence unit 'default'
2022-03-20 13:56:18.553  INFO 6344 --- [    Test worker] o.h.h.i.QueryTranslatorFactoryInitiator  : HHH000397: Using ASTQueryTranslatorFactory
2022-03-20 13:56:18.730  INFO 6344 --- [    Test worker] o.s.s.web.DefaultSecurityFilterChain     : Creating filter chain: any request, [org.springframework.security.web.context.request.async.WebAsyncManagerIntegrationFilter@ed2a48e, org.springframework.security.web.context.SecurityContextPersistenceFilter@5bacfce2, org.springframework.security.web.header.HeaderWriterFilter@3efd2711, org.springframework.security.web.authentication.logout.LogoutFilter@58e9103b, org.springframework.security.oauth2.client.web.OAuth2AuthorizationRequestRedirectFilter@7626b14d, org.springframework.security.oauth2.client.web.OAuth2LoginAuthenticationFilter@2895eae1, org.springframework.security.web.authentication.ui.DefaultLoginPageGeneratingFilter@649ebba6, org.springframework.security.web.authentication.ui.DefaultLogoutPageGeneratingFilter@3f42c6c1, org.springframework.security.web.savedrequest.RequestCacheAwareFilter@1dac0425, org.springframework.security.web.servletapi.SecurityContextHolderAwareRequestFilter@4a3e6d2e, org.springframework.security.web.authentication.AnonymousAuthenticationFilter@7c2db4bd, org.springframework.security.web.session.SessionManagementFilter@3b82a19e, org.springframework.security.web.access.ExceptionTranslationFilter@322e8d07, org.springframework.security.web.access.intercept.FilterSecurityInterceptor@2a737a57]
2022-03-20 13:56:18.939  INFO 6344 --- [    Test worker] o.s.s.concurrent.ThreadPoolTaskExecutor  : Initializing ExecutorService 'applicationTaskExecutor'
2022-03-20 13:56:18.955  WARN 6344 --- [    Test worker] aWebConfiguration$JpaWebMvcConfiguration : spring.jpa.open-in-view is enabled by default. Therefore, database queries may be performed during view rendering. Explicitly configure spring.jpa.open-in-view to disable this warning
2022-03-20 13:56:18.987  INFO 6344 --- [    Test worker] o.s.b.a.w.s.WelcomePageHandlerMapping    : Adding welcome page template: index
2022-03-20 13:56:19.266  INFO 6344 --- [    Test worker] s.a.ScheduledAnnotationBeanPostProcessor : No TaskScheduler/ScheduledExecutorService bean found for scheduled processing
2022-03-20 13:56:19.303  INFO 6344 --- [    Test worker] o.s.b.w.embedded.tomcat.TomcatWebServer  : Tomcat started on port(s): 57168 (http) with context path ''
2022-03-20 13:56:19.304  INFO 6344 --- [    Test worker] c.j.b.s.web.IndexControllerTest          : Started IndexControllerTest in 2.743 seconds (JVM running for 13.778)
2022-03-20 13:56:19.425  INFO 6344 --- [o-auto-1-exec-1] o.a.c.c.C.[Tomcat].[localhost].[/]       : Initializing Spring DispatcherServlet 'dispatcherServlet'
2022-03-20 13:56:19.425  INFO 6344 --- [o-auto-1-exec-1] o.s.web.servlet.DispatcherServlet        : Initializing Servlet 'dispatcherServlet'
2022-03-20 13:56:19.445  INFO 6344 --- [o-auto-1-exec-1] o.s.web.servlet.DispatcherServlet        : Completed initialization in 20 ms
Hibernate: select posts0_.id as id1_0_, posts0_.created_date as created_2_0_, posts0_.modified_date as modified3_0_, posts0_.author as author4_0_, posts0_.content as content5_0_, posts0_.title as title6_0_ from posts posts0_ order by posts0_.id DESC
]]></system-out>
  <system-err><![CDATA[]]></system-err>
</testsuite>
